#
# A fatal error has been detected by the Java Runtime Environment:
#
#  SIGSEGV (0xb) at pc=0x0000000000000000, pid=51470, tid=8451
#
# JRE version: OpenJDK Runtime Environment (14.0+36) (build 14+36-1461)
# Java VM: OpenJDK 64-Bit Server VM (14+36-1461, mixed mode, sharing, tiered, compressed oops, g1 gc, bsd-amd64)
# Problematic frame:
# C  0x0000000000000000
#
# No core dump will be written. Core dumps have been disabled. To enable core dumping, try "ulimit -c unlimited" before starting Java again
#
# If you would like to submit a bug report, please visit:
#   https://bugreport.java.com/bugreport/crash.jsp
# The crash happened outside the Java Virtual Machine in native code.
# See problematic frame for where to report the bug.
#

---------------  S U M M A R Y ------------

Command Line: ou.ist.de.protocol.routing.isdsr.TestISDSR

Host: Macmini8,1 x86_64 3200 MHz, 12 cores, 64G, Darwin 18.7.0
Time: Fri Mar 27 17:01:58 2020 JST elapsed time: 0 seconds (0d 0h 0m 0s)

---------------  T H R E A D  ---------------

Current thread (0x00007fdc6b80a800):  JavaThread "main" [_thread_in_native, id=8451, stack(0x000070000e6f9000,0x000070000e7f9000)]

Stack: [0x000070000e6f9000,0x000070000e7f9000],  sp=0x000070000e7f88d8,  free space=1022k
Java frames: (J=compiled Java code, j=interpreted, Vv=VM code)
j  com.herumi.mcl.MclJNI.new_Fr__SWIG_2(I)J+0
j  com.herumi.mcl.Fr.<init>(I)V+2
j  ou.ist.de.protocol.routing.isdsr.TestISDSR.main([Ljava/lang/String;)V+34
v  ~StubRoutines::call_stub

siginfo: si_signo: 11 (SIGSEGV), si_code: 1 (SEGV_MAPERR), si_addr: 0x0000000000000000

Register to memory mapping:

RAX=0x00007fdc7b44a0e0 points into unknown readable memory: 00 00 00 00 00 00 00 10
RBX=0x00007fdc7b44a0e0 points into unknown readable memory: 00 00 00 00 00 00 00 10
RCX=0x0 is NULL
RDX=0x0000000000010000 is an unknown value
RSP=0x000070000e7f88d8 is pointing into the stack for thread: 0x00007fdc6b80a800
RBP=0x0000000000000005 is an unknown value
RSI=0x00000000c7b44a10 is an unknown value
RDI=0x00007fdc7b44a0e0 points into unknown readable memory: 00 00 00 00 00 00 00 10
R8 =0x00000000c7b44a0f is an unknown value
R9 =0x00000000ffff7fff is an unknown value
R10=0x00007fdc7b400000 points into unknown readable memory: 44 65 66 61 75 6c 74 4d
R11=0x0000000000000012 is an unknown value
R12=0x0 is NULL
R13={method} {0x0000000145244f38} 'new_Fr__SWIG_2' '(I)J' in 'com/herumi/mcl/MclJNI'
R14=0x0000000111b1de58: _ZN3mcl3FpTINS_2bn5local5FrTagELm256EE3op_E+0 in /Users/hal/workspace/git_workspace/mcl/lib/libmcljava.dylib at 0x0000000111a5f000
R15=0x00007fdc6b80a800 is a thread


Registers:
RAX=0x00007fdc7b44a0e0, RBX=0x00007fdc7b44a0e0, RCX=0x0000000000000000, RDX=0x0000000000010000
RSP=0x000070000e7f88d8, RBP=0x0000000000000005, RSI=0x00000000c7b44a10, RDI=0x00007fdc7b44a0e0
R8 =0x00000000c7b44a0f, R9 =0x00000000ffff7fff, R10=0x00007fdc7b400000, R11=0x0000000000000012
R12=0x0000000000000000, R13=0x0000000145244f38, R14=0x0000000111b1de58, R15=0x00007fdc6b80a800
RIP=0x0000000000000000, EFLAGS=0x0000000000010202, ERR=0x0000000000000014
  TRAPNO=0x000000000000000e

Top of Stack: (sp=0x000070000e7f88d8)
0x000070000e7f88d8:   0000000111a628c2 0000000145244f38
0x000070000e7f88e8:   000070000e7f8970 000070000e7f8950
0x000070000e7f88f8:   0000000111e3c6b0 0000000111e3c3b6
0x000070000e7f8908:   000070000e7f8908 0000000145244f38
0x000070000e7f8918:   000070000e7f8970 0000000145248380
0x000070000e7f8928:   0000000000000000 000000043fc67978
0x000070000e7f8938:   0000000145244f38 0000000000000000
0x000070000e7f8948:   000070000e7f8970 000070000e7f89c8
0x000070000e7f8958:   0000000111e369d0 000000043fc67978
0x000070000e7f8968:   0000000111e39757 0000000000000005
0x000070000e7f8978:   000000043fc62c90 000070000e7f8980
0x000070000e7f8988:   0000000145243292 000070000e7f89e0
0x000070000e7f8998:   0000000145243a80 0000000000000000
0x000070000e7f89a8:   000000043fc62b98 00000001452432a0
0x000070000e7f89b8:   000070000e7f8970 000070000e7f89d8
0x000070000e7f89c8:   000070000e7f8a38 0000000111e36ef3
0x000070000e7f89d8:   0000000000000005 000000043fc62c90
0x000070000e7f89e8:   000000043fc62c90 000070000e7f89f0
0x000070000e7f89f8:   000000014522da42 000070000e7f8a58
0x000070000e7f8a08:   0000000145242480 0000000000000000
0x000070000e7f8a18:   000000043fc49a58 000000014522da90
0x000070000e7f8a28:   000070000e7f89d8 000070000e7f8a58
0x000070000e7f8a38:   000070000e7f8ac0 0000000111e2d949
0x000070000e7f8a48:   0000000000000000 0000000000000000
0x000070000e7f8a58:   000000043fc57990 0000700000001fa0
0x000070000e7f8a68:   00007fdc6b80a800 000070000e7f8df0
0x000070000e7f8a78:   000070000e7f8df8 000070000e7f8c40
0x000070000e7f8a88:   0000000000000001 000070000e7f8b18
0x000070000e7f8a98:   000070000e7f8df8 000070000000000a
0x000070000e7f8aa8:   000000014522da90 0000000111e3b2c0
0x000070000e7f8ab8:   000070000e7f8c48 000070000e7f8ba0
0x000070000e7f8ac8:   000000010454b082 0000000000000001 

Instructions: (pc=0x0000000000000000)
0xffffffffffffff00:   


Stack slot to memory mapping:
stack at sp + 0 slots: 0x0000000111a628c2: Java_com_herumi_mcl_MclJNI_new_1Fr_1_1SWIG_12+0x42 in /Users/hal/workspace/git_workspace/mcl/lib/libmcljava.dylib at 0x0000000111a5f000
stack at sp + 1 slots: {method} {0x0000000145244f38} 'new_Fr__SWIG_2' '(I)J' in 'com/herumi/mcl/MclJNI'
stack at sp + 2 slots: 0x000070000e7f8970 is pointing into the stack for thread: 0x00007fdc6b80a800
stack at sp + 3 slots: 0x000070000e7f8950 is pointing into the stack for thread: 0x00007fdc6b80a800
stack at sp + 4 slots: 0x0000000111e3c6b0 is at code_begin+944 in an Interpreter codelet
method entry point (kind = native)  [0x0000000111e3c300, 0x0000000111e3cc80]  2432 bytes
stack at sp + 5 slots: 0x0000000111e3c3b6 is at code_begin+182 in an Interpreter codelet
method entry point (kind = native)  [0x0000000111e3c300, 0x0000000111e3cc80]  2432 bytes
stack at sp + 6 slots: 0x000070000e7f8908 is pointing into the stack for thread: 0x00007fdc6b80a800
stack at sp + 7 slots: {method} {0x0000000145244f38} 'new_Fr__SWIG_2' '(I)J' in 'com/herumi/mcl/MclJNI'


---------------  P R O C E S S  ---------------

Threads class SMR info:
_java_thread_list=0x00007fdc7b5994c0, length=10, elements={
0x00007fdc6b80a800, 0x00007fdc6b96c000, 0x00007fdc7c003800, 0x00007fdc7b825000,
0x00007fdc7b828000, 0x00007fdc7b829000, 0x00007fdc6b96d800, 0x00007fdc7c00b000,
0x00007fdc7b8a4000, 0x00007fdc6b991000
}

Java Threads: ( => current thread )
=>0x00007fdc6b80a800 JavaThread "main" [_thread_in_native, id=8451, stack(0x000070000e6f9000,0x000070000e7f9000)]
  0x00007fdc6b96c000 JavaThread "Reference Handler" daemon [_thread_blocked, id=14339, stack(0x000070000ee0e000,0x000070000ef0e000)]
  0x00007fdc7c003800 JavaThread "Finalizer" daemon [_thread_blocked, id=16643, stack(0x000070000ef11000,0x000070000f011000)]
  0x00007fdc7b825000 JavaThread "Signal Dispatcher" daemon [_thread_blocked, id=42755, stack(0x000070000f014000,0x000070000f114000)]
  0x00007fdc7b828000 JavaThread "Service Thread" daemon [_thread_blocked, id=42499, stack(0x000070000f117000,0x000070000f217000)]
  0x00007fdc7b829000 JavaThread "C2 CompilerThread0" daemon [_thread_blocked, id=41987, stack(0x000070000f21a000,0x000070000f31a000)]
  0x00007fdc6b96d800 JavaThread "C1 CompilerThread0" daemon [_thread_blocked, id=23043, stack(0x000070000f31d000,0x000070000f41d000)]
  0x00007fdc7c00b000 JavaThread "Sweeper thread" daemon [_thread_blocked, id=40963, stack(0x000070000f420000,0x000070000f520000)]
  0x00007fdc7b8a4000 JavaThread "Notification Thread" daemon [_thread_blocked, id=23811, stack(0x000070000f523000,0x000070000f623000)]
  0x00007fdc6b991000 JavaThread "Common-Cleaner" daemon [_thread_blocked, id=24835, stack(0x000070000f729000,0x000070000f829000)]

Other Threads:
  0x00007fdc7b823000 VMThread "VM Thread" [stack: 0x000070000ed0b000,0x000070000ee0b000] [id=17411]
  0x00007fdc6b990800 WatcherThread [stack: 0x000070000f626000,0x000070000f726000] [id=24323]
  0x00007fdc6b830000 GCTaskThread "GC Thread#0" [stack: 0x000070000e7fc000,0x000070000e8fc000] [id=12547]
  0x00007fdc6b841000 ConcurrentGCThread "G1 Main Marker" [stack: 0x000070000e8ff000,0x000070000e9ff000] [id=19203]
  0x00007fdc6b842000 ConcurrentGCThread "G1 Conc#0" [stack: 0x000070000ea02000,0x000070000eb02000] [id=18435]
  0x00007fdc6b96a800 ConcurrentGCThread "G1 Refine#0" [stack: 0x000070000eb05000,0x000070000ec05000] [id=13315]
  0x00007fdc6b96b800 ConcurrentGCThread "G1 Young RemSet Sampling" [stack: 0x000070000ec08000,0x000070000ed08000] [id=17923]

Threads with active compile tasks:

VM state:not at safepoint (normal execution)

VM Mutex/Monitor currently owned by a thread: None

Heap address: 0x0000000400000000, size: 16384 MB, Compressed Oops mode: Zero based, Oop shift amount: 3
Narrow klass base: 0x0000000800000000, Narrow klass shift: 3
Compressed class space size: 1073741824 Address: 0x0000000800b03000

Heap:
 garbage-first heap   total 1056768K, used 3888K [0x0000000400000000, 0x0000000800000000)
  region size 4096K, 1 young (4096K), 0 survivors (0K)
 Metaspace       used 243K, capacity 4564K, committed 4864K, reserved 1056768K
  class space    used 13K, capacity 388K, committed 512K, reserved 1048576K
Heap Regions: E=young(eden), S=young(survivor), O=old, HS=humongous(starts), HC=humongous(continues), CS=collection set, F=free, OA=open archive, CA=closed archive, TAMS=top-at-mark-start (previous, next)
|   0|0x0000000400000000, 0x0000000400000000, 0x0000000400400000|  0%| F|  |TAMS 0x0000000400000000, 0x0000000400000000| Untracked 
|   1|0x0000000400400000, 0x0000000400400000, 0x0000000400800000|  0%| F|  |TAMS 0x0000000400400000, 0x0000000400400000| Untracked 
|   2|0x0000000400800000, 0x0000000400800000, 0x0000000400c00000|  0%| F|  |TAMS 0x0000000400800000, 0x0000000400800000| Untracked 
|   3|0x0000000400c00000, 0x0000000400c00000, 0x0000000401000000|  0%| F|  |TAMS 0x0000000400c00000, 0x0000000400c00000| Untracked 
|   4|0x0000000401000000, 0x0000000401000000, 0x0000000401400000|  0%| F|  |TAMS 0x0000000401000000, 0x0000000401000000| Untracked 
|   5|0x0000000401400000, 0x0000000401400000, 0x0000000401800000|  0%| F|  |TAMS 0x0000000401400000, 0x0000000401400000| Untracked 
|   6|0x0000000401800000, 0x0000000401800000, 0x0000000401c00000|  0%| F|  |TAMS 0x0000000401800000, 0x0000000401800000| Untracked 
|   7|0x0000000401c00000, 0x0000000401c00000, 0x0000000402000000|  0%| F|  |TAMS 0x0000000401c00000, 0x0000000401c00000| Untracked 
|   8|0x0000000402000000, 0x0000000402000000, 0x0000000402400000|  0%| F|  |TAMS 0x0000000402000000, 0x0000000402000000| Untracked 
|   9|0x0000000402400000, 0x0000000402400000, 0x0000000402800000|  0%| F|  |TAMS 0x0000000402400000, 0x0000000402400000| Untracked 
|  10|0x0000000402800000, 0x0000000402800000, 0x0000000402c00000|  0%| F|  |TAMS 0x0000000402800000, 0x0000000402800000| Untracked 
|  11|0x0000000402c00000, 0x0000000402c00000, 0x0000000403000000|  0%| F|  |TAMS 0x0000000402c00000, 0x0000000402c00000| Untracked 
|  12|0x0000000403000000, 0x0000000403000000, 0x0000000403400000|  0%| F|  |TAMS 0x0000000403000000, 0x0000000403000000| Untracked 
|  13|0x0000000403400000, 0x0000000403400000, 0x0000000403800000|  0%| F|  |TAMS 0x0000000403400000, 0x0000000403400000| Untracked 
|  14|0x0000000403800000, 0x0000000403800000, 0x0000000403c00000|  0%| F|  |TAMS 0x0000000403800000, 0x0000000403800000| Untracked 
|  15|0x0000000403c00000, 0x0000000403c00000, 0x0000000404000000|  0%| F|  |TAMS 0x0000000403c00000, 0x0000000403c00000| Untracked 
|  16|0x0000000404000000, 0x0000000404000000, 0x0000000404400000|  0%| F|  |TAMS 0x0000000404000000, 0x0000000404000000| Untracked 
|  17|0x0000000404400000, 0x0000000404400000, 0x0000000404800000|  0%| F|  |TAMS 0x0000000404400000, 0x0000000404400000| Untracked 
|  18|0x0000000404800000, 0x0000000404800000, 0x0000000404c00000|  0%| F|  |TAMS 0x0000000404800000, 0x0000000404800000| Untracked 
|  19|0x0000000404c00000, 0x0000000404c00000, 0x0000000405000000|  0%| F|  |TAMS 0x0000000404c00000, 0x0000000404c00000| Untracked 
|  20|0x0000000405000000, 0x0000000405000000, 0x0000000405400000|  0%| F|  |TAMS 0x0000000405000000, 0x0000000405000000| Untracked 
|  21|0x0000000405400000, 0x0000000405400000, 0x0000000405800000|  0%| F|  |TAMS 0x0000000405400000, 0x0000000405400000| Untracked 
|  22|0x0000000405800000, 0x0000000405800000, 0x0000000405c00000|  0%| F|  |TAMS 0x0000000405800000, 0x0000000405800000| Untracked 
|  23|0x0000000405c00000, 0x0000000405c00000, 0x0000000406000000|  0%| F|  |TAMS 0x0000000405c00000, 0x0000000405c00000| Untracked 
|  24|0x0000000406000000, 0x0000000406000000, 0x0000000406400000|  0%| F|  |TAMS 0x0000000406000000, 0x0000000406000000| Untracked 
|  25|0x0000000406400000, 0x0000000406400000, 0x0000000406800000|  0%| F|  |TAMS 0x0000000406400000, 0x0000000406400000| Untracked 
|  26|0x0000000406800000, 0x0000000406800000, 0x0000000406c00000|  0%| F|  |TAMS 0x0000000406800000, 0x0000000406800000| Untracked 
|  27|0x0000000406c00000, 0x0000000406c00000, 0x0000000407000000|  0%| F|  |TAMS 0x0000000406c00000, 0x0000000406c00000| Untracked 
|  28|0x0000000407000000, 0x0000000407000000, 0x0000000407400000|  0%| F|  |TAMS 0x0000000407000000, 0x0000000407000000| Untracked 
|  29|0x0000000407400000, 0x0000000407400000, 0x0000000407800000|  0%| F|  |TAMS 0x0000000407400000, 0x0000000407400000| Untracked 
|  30|0x0000000407800000, 0x0000000407800000, 0x0000000407c00000|  0%| F|  |TAMS 0x0000000407800000, 0x0000000407800000| Untracked 
|  31|0x0000000407c00000, 0x0000000407c00000, 0x0000000408000000|  0%| F|  |TAMS 0x0000000407c00000, 0x0000000407c00000| Untracked 
|  32|0x0000000408000000, 0x0000000408000000, 0x0000000408400000|  0%| F|  |TAMS 0x0000000408000000, 0x0000000408000000| Untracked 
|  33|0x0000000408400000, 0x0000000408400000, 0x0000000408800000|  0%| F|  |TAMS 0x0000000408400000, 0x0000000408400000| Untracked 
|  34|0x0000000408800000, 0x0000000408800000, 0x0000000408c00000|  0%| F|  |TAMS 0x0000000408800000, 0x0000000408800000| Untracked 
|  35|0x0000000408c00000, 0x0000000408c00000, 0x0000000409000000|  0%| F|  |TAMS 0x0000000408c00000, 0x0000000408c00000| Untracked 
|  36|0x0000000409000000, 0x0000000409000000, 0x0000000409400000|  0%| F|  |TAMS 0x0000000409000000, 0x0000000409000000| Untracked 
|  37|0x0000000409400000, 0x0000000409400000, 0x0000000409800000|  0%| F|  |TAMS 0x0000000409400000, 0x0000000409400000| Untracked 
|  38|0x0000000409800000, 0x0000000409800000, 0x0000000409c00000|  0%| F|  |TAMS 0x0000000409800000, 0x0000000409800000| Untracked 
|  39|0x0000000409c00000, 0x0000000409c00000, 0x000000040a000000|  0%| F|  |TAMS 0x0000000409c00000, 0x0000000409c00000| Untracked 
|  40|0x000000040a000000, 0x000000040a000000, 0x000000040a400000|  0%| F|  |TAMS 0x000000040a000000, 0x000000040a000000| Untracked 
|  41|0x000000040a400000, 0x000000040a400000, 0x000000040a800000|  0%| F|  |TAMS 0x000000040a400000, 0x000000040a400000| Untracked 
|  42|0x000000040a800000, 0x000000040a800000, 0x000000040ac00000|  0%| F|  |TAMS 0x000000040a800000, 0x000000040a800000| Untracked 
|  43|0x000000040ac00000, 0x000000040ac00000, 0x000000040b000000|  0%| F|  |TAMS 0x000000040ac00000, 0x000000040ac00000| Untracked 
|  44|0x000000040b000000, 0x000000040b000000, 0x000000040b400000|  0%| F|  |TAMS 0x000000040b000000, 0x000000040b000000| Untracked 
|  45|0x000000040b400000, 0x000000040b400000, 0x000000040b800000|  0%| F|  |TAMS 0x000000040b400000, 0x000000040b400000| Untracked 
|  46|0x000000040b800000, 0x000000040b800000, 0x000000040bc00000|  0%| F|  |TAMS 0x000000040b800000, 0x000000040b800000| Untracked 
|  47|0x000000040bc00000, 0x000000040bc00000, 0x000000040c000000|  0%| F|  |TAMS 0x000000040bc00000, 0x000000040bc00000| Untracked 
|  48|0x000000040c000000, 0x000000040c000000, 0x000000040c400000|  0%| F|  |TAMS 0x000000040c000000, 0x000000040c000000| Untracked 
|  49|0x000000040c400000, 0x000000040c400000, 0x000000040c800000|  0%| F|  |TAMS 0x000000040c400000, 0x000000040c400000| Untracked 
|  50|0x000000040c800000, 0x000000040c800000, 0x000000040cc00000|  0%| F|  |TAMS 0x000000040c800000, 0x000000040c800000| Untracked 
|  51|0x000000040cc00000, 0x000000040cc00000, 0x000000040d000000|  0%| F|  |TAMS 0x000000040cc00000, 0x000000040cc00000| Untracked 
|  52|0x000000040d000000, 0x000000040d000000, 0x000000040d400000|  0%| F|  |TAMS 0x000000040d000000, 0x000000040d000000| Untracked 
|  53|0x000000040d400000, 0x000000040d400000, 0x000000040d800000|  0%| F|  |TAMS 0x000000040d400000, 0x000000040d400000| Untracked 
|  54|0x000000040d800000, 0x000000040d800000, 0x000000040dc00000|  0%| F|  |TAMS 0x000000040d800000, 0x000000040d800000| Untracked 
|  55|0x000000040dc00000, 0x000000040dc00000, 0x000000040e000000|  0%| F|  |TAMS 0x000000040dc00000, 0x000000040dc00000| Untracked 
|  56|0x000000040e000000, 0x000000040e000000, 0x000000040e400000|  0%| F|  |TAMS 0x000000040e000000, 0x000000040e000000| Untracked 
|  57|0x000000040e400000, 0x000000040e400000, 0x000000040e800000|  0%| F|  |TAMS 0x000000040e400000, 0x000000040e400000| Untracked 
|  58|0x000000040e800000, 0x000000040e800000, 0x000000040ec00000|  0%| F|  |TAMS 0x000000040e800000, 0x000000040e800000| Untracked 
|  59|0x000000040ec00000, 0x000000040ec00000, 0x000000040f000000|  0%| F|  |TAMS 0x000000040ec00000, 0x000000040ec00000| Untracked 
|  60|0x000000040f000000, 0x000000040f000000, 0x000000040f400000|  0%| F|  |TAMS 0x000000040f000000, 0x000000040f000000| Untracked 
|  61|0x000000040f400000, 0x000000040f400000, 0x000000040f800000|  0%| F|  |TAMS 0x000000040f400000, 0x000000040f400000| Untracked 
|  62|0x000000040f800000, 0x000000040f800000, 0x000000040fc00000|  0%| F|  |TAMS 0x000000040f800000, 0x000000040f800000| Untracked 
|  63|0x000000040fc00000, 0x000000040fc00000, 0x0000000410000000|  0%| F|  |TAMS 0x000000040fc00000, 0x000000040fc00000| Untracked 
|  64|0x0000000410000000, 0x0000000410000000, 0x0000000410400000|  0%| F|  |TAMS 0x0000000410000000, 0x0000000410000000| Untracked 
|  65|0x0000000410400000, 0x0000000410400000, 0x0000000410800000|  0%| F|  |TAMS 0x0000000410400000, 0x0000000410400000| Untracked 
|  66|0x0000000410800000, 0x0000000410800000, 0x0000000410c00000|  0%| F|  |TAMS 0x0000000410800000, 0x0000000410800000| Untracked 
|  67|0x0000000410c00000, 0x0000000410c00000, 0x0000000411000000|  0%| F|  |TAMS 0x0000000410c00000, 0x0000000410c00000| Untracked 
|  68|0x0000000411000000, 0x0000000411000000, 0x0000000411400000|  0%| F|  |TAMS 0x0000000411000000, 0x0000000411000000| Untracked 
|  69|0x0000000411400000, 0x0000000411400000, 0x0000000411800000|  0%| F|  |TAMS 0x0000000411400000, 0x0000000411400000| Untracked 
|  70|0x0000000411800000, 0x0000000411800000, 0x0000000411c00000|  0%| F|  |TAMS 0x0000000411800000, 0x0000000411800000| Untracked 
|  71|0x0000000411c00000, 0x0000000411c00000, 0x0000000412000000|  0%| F|  |TAMS 0x0000000411c00000, 0x0000000411c00000| Untracked 
|  72|0x0000000412000000, 0x0000000412000000, 0x0000000412400000|  0%| F|  |TAMS 0x0000000412000000, 0x0000000412000000| Untracked 
|  73|0x0000000412400000, 0x0000000412400000, 0x0000000412800000|  0%| F|  |TAMS 0x0000000412400000, 0x0000000412400000| Untracked 
|  74|0x0000000412800000, 0x0000000412800000, 0x0000000412c00000|  0%| F|  |TAMS 0x0000000412800000, 0x0000000412800000| Untracked 
|  75|0x0000000412c00000, 0x0000000412c00000, 0x0000000413000000|  0%| F|  |TAMS 0x0000000412c00000, 0x0000000412c00000| Untracked 
|  76|0x0000000413000000, 0x0000000413000000, 0x0000000413400000|  0%| F|  |TAMS 0x0000000413000000, 0x0000000413000000| Untracked 
|  77|0x0000000413400000, 0x0000000413400000, 0x0000000413800000|  0%| F|  |TAMS 0x0000000413400000, 0x0000000413400000| Untracked 
|  78|0x0000000413800000, 0x0000000413800000, 0x0000000413c00000|  0%| F|  |TAMS 0x0000000413800000, 0x0000000413800000| Untracked 
|  79|0x0000000413c00000, 0x0000000413c00000, 0x0000000414000000|  0%| F|  |TAMS 0x0000000413c00000, 0x0000000413c00000| Untracked 
|  80|0x0000000414000000, 0x0000000414000000, 0x0000000414400000|  0%| F|  |TAMS 0x0000000414000000, 0x0000000414000000| Untracked 
|  81|0x0000000414400000, 0x0000000414400000, 0x0000000414800000|  0%| F|  |TAMS 0x0000000414400000, 0x0000000414400000| Untracked 
|  82|0x0000000414800000, 0x0000000414800000, 0x0000000414c00000|  0%| F|  |TAMS 0x0000000414800000, 0x0000000414800000| Untracked 
|  83|0x0000000414c00000, 0x0000000414c00000, 0x0000000415000000|  0%| F|  |TAMS 0x0000000414c00000, 0x0000000414c00000| Untracked 
|  84|0x0000000415000000, 0x0000000415000000, 0x0000000415400000|  0%| F|  |TAMS 0x0000000415000000, 0x0000000415000000| Untracked 
|  85|0x0000000415400000, 0x0000000415400000, 0x0000000415800000|  0%| F|  |TAMS 0x0000000415400000, 0x0000000415400000| Untracked 
|  86|0x0000000415800000, 0x0000000415800000, 0x0000000415c00000|  0%| F|  |TAMS 0x0000000415800000, 0x0000000415800000| Untracked 
|  87|0x0000000415c00000, 0x0000000415c00000, 0x0000000416000000|  0%| F|  |TAMS 0x0000000415c00000, 0x0000000415c00000| Untracked 
|  88|0x0000000416000000, 0x0000000416000000, 0x0000000416400000|  0%| F|  |TAMS 0x0000000416000000, 0x0000000416000000| Untracked 
|  89|0x0000000416400000, 0x0000000416400000, 0x0000000416800000|  0%| F|  |TAMS 0x0000000416400000, 0x0000000416400000| Untracked 
|  90|0x0000000416800000, 0x0000000416800000, 0x0000000416c00000|  0%| F|  |TAMS 0x0000000416800000, 0x0000000416800000| Untracked 
|  91|0x0000000416c00000, 0x0000000416c00000, 0x0000000417000000|  0%| F|  |TAMS 0x0000000416c00000, 0x0000000416c00000| Untracked 
|  92|0x0000000417000000, 0x0000000417000000, 0x0000000417400000|  0%| F|  |TAMS 0x0000000417000000, 0x0000000417000000| Untracked 
|  93|0x0000000417400000, 0x0000000417400000, 0x0000000417800000|  0%| F|  |TAMS 0x0000000417400000, 0x0000000417400000| Untracked 
|  94|0x0000000417800000, 0x0000000417800000, 0x0000000417c00000|  0%| F|  |TAMS 0x0000000417800000, 0x0000000417800000| Untracked 
|  95|0x0000000417c00000, 0x0000000417c00000, 0x0000000418000000|  0%| F|  |TAMS 0x0000000417c00000, 0x0000000417c00000| Untracked 
|  96|0x0000000418000000, 0x0000000418000000, 0x0000000418400000|  0%| F|  |TAMS 0x0000000418000000, 0x0000000418000000| Untracked 
|  97|0x0000000418400000, 0x0000000418400000, 0x0000000418800000|  0%| F|  |TAMS 0x0000000418400000, 0x0000000418400000| Untracked 
|  98|0x0000000418800000, 0x0000000418800000, 0x0000000418c00000|  0%| F|  |TAMS 0x0000000418800000, 0x0000000418800000| Untracked 
|  99|0x0000000418c00000, 0x0000000418c00000, 0x0000000419000000|  0%| F|  |TAMS 0x0000000418c00000, 0x0000000418c00000| Untracked 
| 100|0x0000000419000000, 0x0000000419000000, 0x0000000419400000|  0%| F|  |TAMS 0x0000000419000000, 0x0000000419000000| Untracked 
| 101|0x0000000419400000, 0x0000000419400000, 0x0000000419800000|  0%| F|  |TAMS 0x0000000419400000, 0x0000000419400000| Untracked 
| 102|0x0000000419800000, 0x0000000419800000, 0x0000000419c00000|  0%| F|  |TAMS 0x0000000419800000, 0x0000000419800000| Untracked 
| 103|0x0000000419c00000, 0x0000000419c00000, 0x000000041a000000|  0%| F|  |TAMS 0x0000000419c00000, 0x0000000419c00000| Untracked 
| 104|0x000000041a000000, 0x000000041a000000, 0x000000041a400000|  0%| F|  |TAMS 0x000000041a000000, 0x000000041a000000| Untracked 
| 105|0x000000041a400000, 0x000000041a400000, 0x000000041a800000|  0%| F|  |TAMS 0x000000041a400000, 0x000000041a400000| Untracked 
| 106|0x000000041a800000, 0x000000041a800000, 0x000000041ac00000|  0%| F|  |TAMS 0x000000041a800000, 0x000000041a800000| Untracked 
| 107|0x000000041ac00000, 0x000000041ac00000, 0x000000041b000000|  0%| F|  |TAMS 0x000000041ac00000, 0x000000041ac00000| Untracked 
| 108|0x000000041b000000, 0x000000041b000000, 0x000000041b400000|  0%| F|  |TAMS 0x000000041b000000, 0x000000041b000000| Untracked 
| 109|0x000000041b400000, 0x000000041b400000, 0x000000041b800000|  0%| F|  |TAMS 0x000000041b400000, 0x000000041b400000| Untracked 
| 110|0x000000041b800000, 0x000000041b800000, 0x000000041bc00000|  0%| F|  |TAMS 0x000000041b800000, 0x000000041b800000| Untracked 
| 111|0x000000041bc00000, 0x000000041bc00000, 0x000000041c000000|  0%| F|  |TAMS 0x000000041bc00000, 0x000000041bc00000| Untracked 
| 112|0x000000041c000000, 0x000000041c000000, 0x000000041c400000|  0%| F|  |TAMS 0x000000041c000000, 0x000000041c000000| Untracked 
| 113|0x000000041c400000, 0x000000041c400000, 0x000000041c800000|  0%| F|  |TAMS 0x000000041c400000, 0x000000041c400000| Untracked 
| 114|0x000000041c800000, 0x000000041c800000, 0x000000041cc00000|  0%| F|  |TAMS 0x000000041c800000, 0x000000041c800000| Untracked 
| 115|0x000000041cc00000, 0x000000041cc00000, 0x000000041d000000|  0%| F|  |TAMS 0x000000041cc00000, 0x000000041cc00000| Untracked 
| 116|0x000000041d000000, 0x000000041d000000, 0x000000041d400000|  0%| F|  |TAMS 0x000000041d000000, 0x000000041d000000| Untracked 
| 117|0x000000041d400000, 0x000000041d400000, 0x000000041d800000|  0%| F|  |TAMS 0x000000041d400000, 0x000000041d400000| Untracked 
| 118|0x000000041d800000, 0x000000041d800000, 0x000000041dc00000|  0%| F|  |TAMS 0x000000041d800000, 0x000000041d800000| Untracked 
| 119|0x000000041dc00000, 0x000000041dc00000, 0x000000041e000000|  0%| F|  |TAMS 0x000000041dc00000, 0x000000041dc00000| Untracked 
| 120|0x000000041e000000, 0x000000041e000000, 0x000000041e400000|  0%| F|  |TAMS 0x000000041e000000, 0x000000041e000000| Untracked 
| 121|0x000000041e400000, 0x000000041e400000, 0x000000041e800000|  0%| F|  |TAMS 0x000000041e400000, 0x000000041e400000| Untracked 
| 122|0x000000041e800000, 0x000000041e800000, 0x000000041ec00000|  0%| F|  |TAMS 0x000000041e800000, 0x000000041e800000| Untracked 
| 123|0x000000041ec00000, 0x000000041ec00000, 0x000000041f000000|  0%| F|  |TAMS 0x000000041ec00000, 0x000000041ec00000| Untracked 
| 124|0x000000041f000000, 0x000000041f000000, 0x000000041f400000|  0%| F|  |TAMS 0x000000041f000000, 0x000000041f000000| Untracked 
| 125|0x000000041f400000, 0x000000041f400000, 0x000000041f800000|  0%| F|  |TAMS 0x000000041f400000, 0x000000041f400000| Untracked 
| 126|0x000000041f800000, 0x000000041f800000, 0x000000041fc00000|  0%| F|  |TAMS 0x000000041f800000, 0x000000041f800000| Untracked 
| 127|0x000000041fc00000, 0x000000041fc00000, 0x0000000420000000|  0%| F|  |TAMS 0x000000041fc00000, 0x000000041fc00000| Untracked 
| 128|0x0000000420000000, 0x0000000420000000, 0x0000000420400000|  0%| F|  |TAMS 0x0000000420000000, 0x0000000420000000| Untracked 
| 129|0x0000000420400000, 0x0000000420400000, 0x0000000420800000|  0%| F|  |TAMS 0x0000000420400000, 0x0000000420400000| Untracked 
| 130|0x0000000420800000, 0x0000000420800000, 0x0000000420c00000|  0%| F|  |TAMS 0x0000000420800000, 0x0000000420800000| Untracked 
| 131|0x0000000420c00000, 0x0000000420c00000, 0x0000000421000000|  0%| F|  |TAMS 0x0000000420c00000, 0x0000000420c00000| Untracked 
| 132|0x0000000421000000, 0x0000000421000000, 0x0000000421400000|  0%| F|  |TAMS 0x0000000421000000, 0x0000000421000000| Untracked 
| 133|0x0000000421400000, 0x0000000421400000, 0x0000000421800000|  0%| F|  |TAMS 0x0000000421400000, 0x0000000421400000| Untracked 
| 134|0x0000000421800000, 0x0000000421800000, 0x0000000421c00000|  0%| F|  |TAMS 0x0000000421800000, 0x0000000421800000| Untracked 
| 135|0x0000000421c00000, 0x0000000421c00000, 0x0000000422000000|  0%| F|  |TAMS 0x0000000421c00000, 0x0000000421c00000| Untracked 
| 136|0x0000000422000000, 0x0000000422000000, 0x0000000422400000|  0%| F|  |TAMS 0x0000000422000000, 0x0000000422000000| Untracked 
| 137|0x0000000422400000, 0x0000000422400000, 0x0000000422800000|  0%| F|  |TAMS 0x0000000422400000, 0x0000000422400000| Untracked 
| 138|0x0000000422800000, 0x0000000422800000, 0x0000000422c00000|  0%| F|  |TAMS 0x0000000422800000, 0x0000000422800000| Untracked 
| 139|0x0000000422c00000, 0x0000000422c00000, 0x0000000423000000|  0%| F|  |TAMS 0x0000000422c00000, 0x0000000422c00000| Untracked 
| 140|0x0000000423000000, 0x0000000423000000, 0x0000000423400000|  0%| F|  |TAMS 0x0000000423000000, 0x0000000423000000| Untracked 
| 141|0x0000000423400000, 0x0000000423400000, 0x0000000423800000|  0%| F|  |TAMS 0x0000000423400000, 0x0000000423400000| Untracked 
| 142|0x0000000423800000, 0x0000000423800000, 0x0000000423c00000|  0%| F|  |TAMS 0x0000000423800000, 0x0000000423800000| Untracked 
| 143|0x0000000423c00000, 0x0000000423c00000, 0x0000000424000000|  0%| F|  |TAMS 0x0000000423c00000, 0x0000000423c00000| Untracked 
| 144|0x0000000424000000, 0x0000000424000000, 0x0000000424400000|  0%| F|  |TAMS 0x0000000424000000, 0x0000000424000000| Untracked 
| 145|0x0000000424400000, 0x0000000424400000, 0x0000000424800000|  0%| F|  |TAMS 0x0000000424400000, 0x0000000424400000| Untracked 
| 146|0x0000000424800000, 0x0000000424800000, 0x0000000424c00000|  0%| F|  |TAMS 0x0000000424800000, 0x0000000424800000| Untracked 
| 147|0x0000000424c00000, 0x0000000424c00000, 0x0000000425000000|  0%| F|  |TAMS 0x0000000424c00000, 0x0000000424c00000| Untracked 
| 148|0x0000000425000000, 0x0000000425000000, 0x0000000425400000|  0%| F|  |TAMS 0x0000000425000000, 0x0000000425000000| Untracked 
| 149|0x0000000425400000, 0x0000000425400000, 0x0000000425800000|  0%| F|  |TAMS 0x0000000425400000, 0x0000000425400000| Untracked 
| 150|0x0000000425800000, 0x0000000425800000, 0x0000000425c00000|  0%| F|  |TAMS 0x0000000425800000, 0x0000000425800000| Untracked 
| 151|0x0000000425c00000, 0x0000000425c00000, 0x0000000426000000|  0%| F|  |TAMS 0x0000000425c00000, 0x0000000425c00000| Untracked 
| 152|0x0000000426000000, 0x0000000426000000, 0x0000000426400000|  0%| F|  |TAMS 0x0000000426000000, 0x0000000426000000| Untracked 
| 153|0x0000000426400000, 0x0000000426400000, 0x0000000426800000|  0%| F|  |TAMS 0x0000000426400000, 0x0000000426400000| Untracked 
| 154|0x0000000426800000, 0x0000000426800000, 0x0000000426c00000|  0%| F|  |TAMS 0x0000000426800000, 0x0000000426800000| Untracked 
| 155|0x0000000426c00000, 0x0000000426c00000, 0x0000000427000000|  0%| F|  |TAMS 0x0000000426c00000, 0x0000000426c00000| Untracked 
| 156|0x0000000427000000, 0x0000000427000000, 0x0000000427400000|  0%| F|  |TAMS 0x0000000427000000, 0x0000000427000000| Untracked 
| 157|0x0000000427400000, 0x0000000427400000, 0x0000000427800000|  0%| F|  |TAMS 0x0000000427400000, 0x0000000427400000| Untracked 
| 158|0x0000000427800000, 0x0000000427800000, 0x0000000427c00000|  0%| F|  |TAMS 0x0000000427800000, 0x0000000427800000| Untracked 
| 159|0x0000000427c00000, 0x0000000427c00000, 0x0000000428000000|  0%| F|  |TAMS 0x0000000427c00000, 0x0000000427c00000| Untracked 
| 160|0x0000000428000000, 0x0000000428000000, 0x0000000428400000|  0%| F|  |TAMS 0x0000000428000000, 0x0000000428000000| Untracked 
| 161|0x0000000428400000, 0x0000000428400000, 0x0000000428800000|  0%| F|  |TAMS 0x0000000428400000, 0x0000000428400000| Untracked 
| 162|0x0000000428800000, 0x0000000428800000, 0x0000000428c00000|  0%| F|  |TAMS 0x0000000428800000, 0x0000000428800000| Untracked 
| 163|0x0000000428c00000, 0x0000000428c00000, 0x0000000429000000|  0%| F|  |TAMS 0x0000000428c00000, 0x0000000428c00000| Untracked 
| 164|0x0000000429000000, 0x0000000429000000, 0x0000000429400000|  0%| F|  |TAMS 0x0000000429000000, 0x0000000429000000| Untracked 
| 165|0x0000000429400000, 0x0000000429400000, 0x0000000429800000|  0%| F|  |TAMS 0x0000000429400000, 0x0000000429400000| Untracked 
| 166|0x0000000429800000, 0x0000000429800000, 0x0000000429c00000|  0%| F|  |TAMS 0x0000000429800000, 0x0000000429800000| Untracked 
| 167|0x0000000429c00000, 0x0000000429c00000, 0x000000042a000000|  0%| F|  |TAMS 0x0000000429c00000, 0x0000000429c00000| Untracked 
| 168|0x000000042a000000, 0x000000042a000000, 0x000000042a400000|  0%| F|  |TAMS 0x000000042a000000, 0x000000042a000000| Untracked 
| 169|0x000000042a400000, 0x000000042a400000, 0x000000042a800000|  0%| F|  |TAMS 0x000000042a400000, 0x000000042a400000| Untracked 
| 170|0x000000042a800000, 0x000000042a800000, 0x000000042ac00000|  0%| F|  |TAMS 0x000000042a800000, 0x000000042a800000| Untracked 
| 171|0x000000042ac00000, 0x000000042ac00000, 0x000000042b000000|  0%| F|  |TAMS 0x000000042ac00000, 0x000000042ac00000| Untracked 
| 172|0x000000042b000000, 0x000000042b000000, 0x000000042b400000|  0%| F|  |TAMS 0x000000042b000000, 0x000000042b000000| Untracked 
| 173|0x000000042b400000, 0x000000042b400000, 0x000000042b800000|  0%| F|  |TAMS 0x000000042b400000, 0x000000042b400000| Untracked 
| 174|0x000000042b800000, 0x000000042b800000, 0x000000042bc00000|  0%| F|  |TAMS 0x000000042b800000, 0x000000042b800000| Untracked 
| 175|0x000000042bc00000, 0x000000042bc00000, 0x000000042c000000|  0%| F|  |TAMS 0x000000042bc00000, 0x000000042bc00000| Untracked 
| 176|0x000000042c000000, 0x000000042c000000, 0x000000042c400000|  0%| F|  |TAMS 0x000000042c000000, 0x000000042c000000| Untracked 
| 177|0x000000042c400000, 0x000000042c400000, 0x000000042c800000|  0%| F|  |TAMS 0x000000042c400000, 0x000000042c400000| Untracked 
| 178|0x000000042c800000, 0x000000042c800000, 0x000000042cc00000|  0%| F|  |TAMS 0x000000042c800000, 0x000000042c800000| Untracked 
| 179|0x000000042cc00000, 0x000000042cc00000, 0x000000042d000000|  0%| F|  |TAMS 0x000000042cc00000, 0x000000042cc00000| Untracked 
| 180|0x000000042d000000, 0x000000042d000000, 0x000000042d400000|  0%| F|  |TAMS 0x000000042d000000, 0x000000042d000000| Untracked 
| 181|0x000000042d400000, 0x000000042d400000, 0x000000042d800000|  0%| F|  |TAMS 0x000000042d400000, 0x000000042d400000| Untracked 
| 182|0x000000042d800000, 0x000000042d800000, 0x000000042dc00000|  0%| F|  |TAMS 0x000000042d800000, 0x000000042d800000| Untracked 
| 183|0x000000042dc00000, 0x000000042dc00000, 0x000000042e000000|  0%| F|  |TAMS 0x000000042dc00000, 0x000000042dc00000| Untracked 
| 184|0x000000042e000000, 0x000000042e000000, 0x000000042e400000|  0%| F|  |TAMS 0x000000042e000000, 0x000000042e000000| Untracked 
| 185|0x000000042e400000, 0x000000042e400000, 0x000000042e800000|  0%| F|  |TAMS 0x000000042e400000, 0x000000042e400000| Untracked 
| 186|0x000000042e800000, 0x000000042e800000, 0x000000042ec00000|  0%| F|  |TAMS 0x000000042e800000, 0x000000042e800000| Untracked 
| 187|0x000000042ec00000, 0x000000042ec00000, 0x000000042f000000|  0%| F|  |TAMS 0x000000042ec00000, 0x000000042ec00000| Untracked 
| 188|0x000000042f000000, 0x000000042f000000, 0x000000042f400000|  0%| F|  |TAMS 0x000000042f000000, 0x000000042f000000| Untracked 
| 189|0x000000042f400000, 0x000000042f400000, 0x000000042f800000|  0%| F|  |TAMS 0x000000042f400000, 0x000000042f400000| Untracked 
| 190|0x000000042f800000, 0x000000042f800000, 0x000000042fc00000|  0%| F|  |TAMS 0x000000042f800000, 0x000000042f800000| Untracked 
| 191|0x000000042fc00000, 0x000000042fc00000, 0x0000000430000000|  0%| F|  |TAMS 0x000000042fc00000, 0x000000042fc00000| Untracked 
| 192|0x0000000430000000, 0x0000000430000000, 0x0000000430400000|  0%| F|  |TAMS 0x0000000430000000, 0x0000000430000000| Untracked 
| 193|0x0000000430400000, 0x0000000430400000, 0x0000000430800000|  0%| F|  |TAMS 0x0000000430400000, 0x0000000430400000| Untracked 
| 194|0x0000000430800000, 0x0000000430800000, 0x0000000430c00000|  0%| F|  |TAMS 0x0000000430800000, 0x0000000430800000| Untracked 
| 195|0x0000000430c00000, 0x0000000430c00000, 0x0000000431000000|  0%| F|  |TAMS 0x0000000430c00000, 0x0000000430c00000| Untracked 
| 196|0x0000000431000000, 0x0000000431000000, 0x0000000431400000|  0%| F|  |TAMS 0x0000000431000000, 0x0000000431000000| Untracked 
| 197|0x0000000431400000, 0x0000000431400000, 0x0000000431800000|  0%| F|  |TAMS 0x0000000431400000, 0x0000000431400000| Untracked 
| 198|0x0000000431800000, 0x0000000431800000, 0x0000000431c00000|  0%| F|  |TAMS 0x0000000431800000, 0x0000000431800000| Untracked 
| 199|0x0000000431c00000, 0x0000000431c00000, 0x0000000432000000|  0%| F|  |TAMS 0x0000000431c00000, 0x0000000431c00000| Untracked 
| 200|0x0000000432000000, 0x0000000432000000, 0x0000000432400000|  0%| F|  |TAMS 0x0000000432000000, 0x0000000432000000| Untracked 
| 201|0x0000000432400000, 0x0000000432400000, 0x0000000432800000|  0%| F|  |TAMS 0x0000000432400000, 0x0000000432400000| Untracked 
| 202|0x0000000432800000, 0x0000000432800000, 0x0000000432c00000|  0%| F|  |TAMS 0x0000000432800000, 0x0000000432800000| Untracked 
| 203|0x0000000432c00000, 0x0000000432c00000, 0x0000000433000000|  0%| F|  |TAMS 0x0000000432c00000, 0x0000000432c00000| Untracked 
| 204|0x0000000433000000, 0x0000000433000000, 0x0000000433400000|  0%| F|  |TAMS 0x0000000433000000, 0x0000000433000000| Untracked 
| 205|0x0000000433400000, 0x0000000433400000, 0x0000000433800000|  0%| F|  |TAMS 0x0000000433400000, 0x0000000433400000| Untracked 
| 206|0x0000000433800000, 0x0000000433800000, 0x0000000433c00000|  0%| F|  |TAMS 0x0000000433800000, 0x0000000433800000| Untracked 
| 207|0x0000000433c00000, 0x0000000433c00000, 0x0000000434000000|  0%| F|  |TAMS 0x0000000433c00000, 0x0000000433c00000| Untracked 
| 208|0x0000000434000000, 0x0000000434000000, 0x0000000434400000|  0%| F|  |TAMS 0x0000000434000000, 0x0000000434000000| Untracked 
| 209|0x0000000434400000, 0x0000000434400000, 0x0000000434800000|  0%| F|  |TAMS 0x0000000434400000, 0x0000000434400000| Untracked 
| 210|0x0000000434800000, 0x0000000434800000, 0x0000000434c00000|  0%| F|  |TAMS 0x0000000434800000, 0x0000000434800000| Untracked 
| 211|0x0000000434c00000, 0x0000000434c00000, 0x0000000435000000|  0%| F|  |TAMS 0x0000000434c00000, 0x0000000434c00000| Untracked 
| 212|0x0000000435000000, 0x0000000435000000, 0x0000000435400000|  0%| F|  |TAMS 0x0000000435000000, 0x0000000435000000| Untracked 
| 213|0x0000000435400000, 0x0000000435400000, 0x0000000435800000|  0%| F|  |TAMS 0x0000000435400000, 0x0000000435400000| Untracked 
| 214|0x0000000435800000, 0x0000000435800000, 0x0000000435c00000|  0%| F|  |TAMS 0x0000000435800000, 0x0000000435800000| Untracked 
| 215|0x0000000435c00000, 0x0000000435c00000, 0x0000000436000000|  0%| F|  |TAMS 0x0000000435c00000, 0x0000000435c00000| Untracked 
| 216|0x0000000436000000, 0x0000000436000000, 0x0000000436400000|  0%| F|  |TAMS 0x0000000436000000, 0x0000000436000000| Untracked 
| 217|0x0000000436400000, 0x0000000436400000, 0x0000000436800000|  0%| F|  |TAMS 0x0000000436400000, 0x0000000436400000| Untracked 
| 218|0x0000000436800000, 0x0000000436800000, 0x0000000436c00000|  0%| F|  |TAMS 0x0000000436800000, 0x0000000436800000| Untracked 
| 219|0x0000000436c00000, 0x0000000436c00000, 0x0000000437000000|  0%| F|  |TAMS 0x0000000436c00000, 0x0000000436c00000| Untracked 
| 220|0x0000000437000000, 0x0000000437000000, 0x0000000437400000|  0%| F|  |TAMS 0x0000000437000000, 0x0000000437000000| Untracked 
| 221|0x0000000437400000, 0x0000000437400000, 0x0000000437800000|  0%| F|  |TAMS 0x0000000437400000, 0x0000000437400000| Untracked 
| 222|0x0000000437800000, 0x0000000437800000, 0x0000000437c00000|  0%| F|  |TAMS 0x0000000437800000, 0x0000000437800000| Untracked 
| 223|0x0000000437c00000, 0x0000000437c00000, 0x0000000438000000|  0%| F|  |TAMS 0x0000000437c00000, 0x0000000437c00000| Untracked 
| 224|0x0000000438000000, 0x0000000438000000, 0x0000000438400000|  0%| F|  |TAMS 0x0000000438000000, 0x0000000438000000| Untracked 
| 225|0x0000000438400000, 0x0000000438400000, 0x0000000438800000|  0%| F|  |TAMS 0x0000000438400000, 0x0000000438400000| Untracked 
| 226|0x0000000438800000, 0x0000000438800000, 0x0000000438c00000|  0%| F|  |TAMS 0x0000000438800000, 0x0000000438800000| Untracked 
| 227|0x0000000438c00000, 0x0000000438c00000, 0x0000000439000000|  0%| F|  |TAMS 0x0000000438c00000, 0x0000000438c00000| Untracked 
| 228|0x0000000439000000, 0x0000000439000000, 0x0000000439400000|  0%| F|  |TAMS 0x0000000439000000, 0x0000000439000000| Untracked 
| 229|0x0000000439400000, 0x0000000439400000, 0x0000000439800000|  0%| F|  |TAMS 0x0000000439400000, 0x0000000439400000| Untracked 
| 230|0x0000000439800000, 0x0000000439800000, 0x0000000439c00000|  0%| F|  |TAMS 0x0000000439800000, 0x0000000439800000| Untracked 
| 231|0x0000000439c00000, 0x0000000439c00000, 0x000000043a000000|  0%| F|  |TAMS 0x0000000439c00000, 0x0000000439c00000| Untracked 
| 232|0x000000043a000000, 0x000000043a000000, 0x000000043a400000|  0%| F|  |TAMS 0x000000043a000000, 0x000000043a000000| Untracked 
| 233|0x000000043a400000, 0x000000043a400000, 0x000000043a800000|  0%| F|  |TAMS 0x000000043a400000, 0x000000043a400000| Untracked 
| 234|0x000000043a800000, 0x000000043a800000, 0x000000043ac00000|  0%| F|  |TAMS 0x000000043a800000, 0x000000043a800000| Untracked 
| 235|0x000000043ac00000, 0x000000043ac00000, 0x000000043b000000|  0%| F|  |TAMS 0x000000043ac00000, 0x000000043ac00000| Untracked 
| 236|0x000000043b000000, 0x000000043b000000, 0x000000043b400000|  0%| F|  |TAMS 0x000000043b000000, 0x000000043b000000| Untracked 
| 237|0x000000043b400000, 0x000000043b400000, 0x000000043b800000|  0%| F|  |TAMS 0x000000043b400000, 0x000000043b400000| Untracked 
| 238|0x000000043b800000, 0x000000043b800000, 0x000000043bc00000|  0%| F|  |TAMS 0x000000043b800000, 0x000000043b800000| Untracked 
| 239|0x000000043bc00000, 0x000000043bc00000, 0x000000043c000000|  0%| F|  |TAMS 0x000000043bc00000, 0x000000043bc00000| Untracked 
| 240|0x000000043c000000, 0x000000043c000000, 0x000000043c400000|  0%| F|  |TAMS 0x000000043c000000, 0x000000043c000000| Untracked 
| 241|0x000000043c400000, 0x000000043c400000, 0x000000043c800000|  0%| F|  |TAMS 0x000000043c400000, 0x000000043c400000| Untracked 
| 242|0x000000043c800000, 0x000000043c800000, 0x000000043cc00000|  0%| F|  |TAMS 0x000000043c800000, 0x000000043c800000| Untracked 
| 243|0x000000043cc00000, 0x000000043cc00000, 0x000000043d000000|  0%| F|  |TAMS 0x000000043cc00000, 0x000000043cc00000| Untracked 
| 244|0x000000043d000000, 0x000000043d000000, 0x000000043d400000|  0%| F|  |TAMS 0x000000043d000000, 0x000000043d000000| Untracked 
| 245|0x000000043d400000, 0x000000043d400000, 0x000000043d800000|  0%| F|  |TAMS 0x000000043d400000, 0x000000043d400000| Untracked 
| 246|0x000000043d800000, 0x000000043d800000, 0x000000043dc00000|  0%| F|  |TAMS 0x000000043d800000, 0x000000043d800000| Untracked 
| 247|0x000000043dc00000, 0x000000043dc00000, 0x000000043e000000|  0%| F|  |TAMS 0x000000043dc00000, 0x000000043dc00000| Untracked 
| 248|0x000000043e000000, 0x000000043e000000, 0x000000043e400000|  0%| F|  |TAMS 0x000000043e000000, 0x000000043e000000| Untracked 
| 249|0x000000043e400000, 0x000000043e400000, 0x000000043e800000|  0%| F|  |TAMS 0x000000043e400000, 0x000000043e400000| Untracked 
| 250|0x000000043e800000, 0x000000043e800000, 0x000000043ec00000|  0%| F|  |TAMS 0x000000043e800000, 0x000000043e800000| Untracked 
| 251|0x000000043ec00000, 0x000000043ec00000, 0x000000043f000000|  0%| F|  |TAMS 0x000000043ec00000, 0x000000043ec00000| Untracked 
| 252|0x000000043f000000, 0x000000043f000000, 0x000000043f400000|  0%| F|  |TAMS 0x000000043f000000, 0x000000043f000000| Untracked 
| 253|0x000000043f400000, 0x000000043f400000, 0x000000043f800000|  0%| F|  |TAMS 0x000000043f400000, 0x000000043f400000| Untracked 
| 254|0x000000043f800000, 0x000000043f800000, 0x000000043fc00000|  0%| F|  |TAMS 0x000000043f800000, 0x000000043f800000| Untracked 
| 255|0x000000043fc00000, 0x000000043fdeb8d0, 0x0000000440000000| 48%| E|  |TAMS 0x000000043fc00000, 0x000000043fc00000| Complete 
|3838|0x00000007bf800000, 0x00000007bfb51000, 0x00000007bfc00000| 82%|OA|  |TAMS 0x00000007bf800000, 0x00000007bf800000| Untracked 
|3839|0x00000007bfc00000, 0x00000007bfc7b000, 0x00000007c0000000| 12%|CA|  |TAMS 0x00000007bfc00000, 0x00000007bfc00000| Untracked 

Card table byte_map: [0x000000010f948000,0x0000000111948000] _byte_map_base: 0x000000010d948000

Marking Bits (Prev, Next): (CMBitMap*) 0x00007fdc6b830a18, (CMBitMap*) 0x00007fdc6b830a58
 Prev Bits: [0x0000000122e2d000, 0x0000000132e2d000)
 Next Bits: [0x0000000132e2d000, 0x0000000142e2d000)

Polling page: 0x00000001029e7000

Metaspace:

Usage:
  Non-class:      4.08 MB capacity,   230.19 KB (  6%) used,     3.85 MB ( 94%) free+waste,   384 bytes ( <1%) overhead. 
      Class:    388.00 KB capacity,    13.56 KB (  3%) used,   374.25 KB ( 96%) free+waste,   192 bytes ( <1%) overhead. 
       Both:      4.46 MB capacity,   243.75 KB (  5%) used,     4.22 MB ( 95%) free+waste,   576 bytes ( <1%) overhead. 

Virtual space:
  Non-class space:        8.00 MB reserved,       4.25 MB ( 53%) committed 
      Class space:        1.00 GB reserved,     512.00 KB ( <1%) committed 
             Both:        1.01 GB reserved,       4.75 MB ( <1%) committed 

Chunk freelists:
   Non-Class:  60.00 KB
       Class:  0 bytes
        Both:  60.00 KB

MaxMetaspaceSize: unlimited
CompressedClassSpaceSize: 1.00 GB

CodeHeap 'non-profiled nmethods': size=120028Kb used=15Kb max_used=15Kb free=120012Kb
 bounds [0x00000001198f6000, 0x0000000119b66000, 0x0000000120e2d000]
CodeHeap 'profiled nmethods': size=120028Kb used=65Kb max_used=65Kb free=119962Kb
 bounds [0x00000001123bf000, 0x000000011262f000, 0x00000001198f6000]
CodeHeap 'non-nmethods': size=5704Kb used=1057Kb max_used=1069Kb free=4646Kb
 bounds [0x0000000111e2d000, 0x000000011209d000, 0x00000001123bf000]
 total_blobs=387 nmethods=53 adapters=196
 compilation: enabled
              stopped_count=0, restarted_count=0
 full_count=0

Compilation events (20 events):
Event: 0.031 Thread 0x00007fdc6b96d800   43       3       java.lang.String::coder (15 bytes)
Event: 0.031 Thread 0x00007fdc6b96d800 nmethod 43 0x00000001123cc390 code [0x00000001123cc520, 0x00000001123cc670]
Event: 0.031 Thread 0x00007fdc6b96d800   44       3       java.lang.String::isLatin1 (19 bytes)
Event: 0.031 Thread 0x00007fdc6b96d800 nmethod 44 0x00000001123cc710 code [0x00000001123cc8a0, 0x00000001123cca30]
Event: 0.031 Thread 0x00007fdc6b96d800   45       3       java.lang.String::charAt (25 bytes)
Event: 0.031 Thread 0x00007fdc6b96d800 nmethod 45 0x00000001123cca90 code [0x00000001123ccc60, 0x00000001123cd030]
Event: 0.033 Thread 0x00007fdc6b96d800   46       3       java.lang.String::length (11 bytes)
Event: 0.033 Thread 0x00007fdc6b96d800 nmethod 46 0x00000001123cd190 code [0x00000001123cd320, 0x00000001123cd4d0]
Event: 0.034 Thread 0x00007fdc6b96d800   48       3       java.lang.String::equals (50 bytes)
Event: 0.034 Thread 0x00007fdc6b96d800 nmethod 48 0x00000001123cd590 code [0x00000001123cd740, 0x00000001123cdba0]
Event: 0.034 Thread 0x00007fdc6b96d800   49       3       java.lang.Math::min (11 bytes)
Event: 0.034 Thread 0x00007fdc6b96d800 nmethod 49 0x00000001123cdc90 code [0x00000001123cde20, 0x00000001123cdf50]
Event: 0.035 Thread 0x00007fdc6b96d800   50       3       java.util.HashSet::add (20 bytes)
Event: 0.035 Thread 0x00007fdc6b96d800 nmethod 50 0x00000001123ce010 code [0x00000001123ce1e0, 0x00000001123ce5d0]
Event: 0.039 Thread 0x00007fdc6b96d800   51       3       java.util.zip.ZipUtils::SH (21 bytes)
Event: 0.039 Thread 0x00007fdc6b96d800 nmethod 51 0x00000001123ce790 code [0x00000001123ce920, 0x00000001123cea50]
Event: 0.040 Thread 0x00007fdc6b96d800   52       3       java.util.ImmutableCollections$MapN::probe (60 bytes)
Event: 0.041 Thread 0x00007fdc6b96d800 nmethod 52 0x00000001123ceb90 code [0x00000001123ced60, 0x00000001123cf2b0]
Event: 0.041 Thread 0x00007fdc7b829000   53       4       java.lang.Object::<init> (1 bytes)
Event: 0.041 Thread 0x00007fdc7b829000 nmethod 53 0x00000001198f9b10 code [0x00000001198f9c80, 0x00000001198f9d38]

GC Heap History (0 events):
No events

Deoptimization events (0 events):
No events

Classes unloaded (0 events):
No events

Classes redefined (0 events):
No events

Internal exceptions (0 events):
No events

Events (20 events):
Event: 0.030 Protecting memory [0x000070000f523000,0x000070000f527000] with protection modes 0
Event: 0.030 loading class jdk/internal/vm/PostVMInitHook
Event: 0.030 loading class jdk/internal/vm/PostVMInitHook done
Event: 0.031 loading class jdk/internal/loader/URLClassPath$FileLoader
Event: 0.031 loading class jdk/internal/loader/URLClassPath$FileLoader done
Event: 0.031 loading class jdk/internal/loader/URLClassPath$FileLoader$1
Event: 0.031 loading class jdk/internal/loader/URLClassPath$FileLoader$1 done
Event: 0.032 Thread 0x00007fdc6b991000 Thread added: 0x00007fdc6b991000
Event: 0.032 Protecting memory [0x000070000f729000,0x000070000f72d000] with protection modes 0
Event: 0.032 Executing VM operation: HandshakeOneThread
Event: 0.032 Executing VM operation: HandshakeOneThread done
Event: 0.034 loading class java/lang/ClassLoaderHelper
Event: 0.034 loading class java/lang/ClassLoaderHelper done
Event: 0.035 Loaded shared library /Users/hal/workspace/git_workspace/mcl/lib/libmcljava.dylib
Event: 0.037 Loaded shared library /Library/Java/JavaVirtualMachines/openjdk-14.jdk/Contents/Home/lib/libnio.dylib
Event: 0.039 Loaded shared library /Library/Java/JavaVirtualMachines/openjdk-14.jdk/Contents/Home/lib/libzip.dylib
Event: 0.040 Executing VM operation: HandshakeAllThreads
Event: 0.040 Executing VM operation: HandshakeAllThreads done
Event: 0.041 Executing VM operation: HandshakeAllThreads
Event: 0.041 Executing VM operation: HandshakeAllThreads done


Dynamic libraries:
0x00007fff6cbbf000 	/usr/lib/libz.1.dylib
0x0000000102961000 	/Library/Java/JavaVirtualMachines/openjdk-14.jdk/Contents/Home/lib/libjli.dylib
0x00007fff40d07000 	/System/Library/Frameworks/Cocoa.framework/Versions/A/Cocoa
0x00007fff4caac000 	/System/Library/Frameworks/Security.framework/Versions/A/Security
0x00007fff3f99a000 	/System/Library/Frameworks/ApplicationServices.framework/Versions/A/ApplicationServices
0x00007fff6a519000 	/usr/lib/libSystem.B.dylib
0x00007fff6d3b5000 	/usr/lib/system/libcache.dylib
0x00007fff6d3ba000 	/usr/lib/system/libcommonCrypto.dylib
0x00007fff6d3c5000 	/usr/lib/system/libcompiler_rt.dylib
0x00007fff6d3cd000 	/usr/lib/system/libcopyfile.dylib
0x00007fff6d3d7000 	/usr/lib/system/libcorecrypto.dylib
0x00007fff6d4e2000 	/usr/lib/system/libdispatch.dylib
0x00007fff6d51c000 	/usr/lib/system/libdyld.dylib
0x00007fff6d549000 	/usr/lib/system/libkeymgr.dylib
0x00007fff6d557000 	/usr/lib/system/liblaunch.dylib
0x00007fff6d558000 	/usr/lib/system/libmacho.dylib
0x00007fff6d55e000 	/usr/lib/system/libquarantine.dylib
0x00007fff6d561000 	/usr/lib/system/libremovefile.dylib
0x00007fff6d563000 	/usr/lib/system/libsystem_asl.dylib
0x00007fff6d57b000 	/usr/lib/system/libsystem_blocks.dylib
0x00007fff6d57c000 	/usr/lib/system/libsystem_c.dylib
0x00007fff6d604000 	/usr/lib/system/libsystem_configuration.dylib
0x00007fff6d608000 	/usr/lib/system/libsystem_coreservices.dylib
0x00007fff6d60c000 	/usr/lib/system/libsystem_darwin.dylib
0x00007fff6d613000 	/usr/lib/system/libsystem_dnssd.dylib
0x00007fff6d61a000 	/usr/lib/system/libsystem_info.dylib
0x00007fff6d68f000 	/usr/lib/system/libsystem_m.dylib
0x00007fff6d6db000 	/usr/lib/system/libsystem_malloc.dylib
0x00007fff6d706000 	/usr/lib/system/libsystem_networkextension.dylib
0x00007fff6d711000 	/usr/lib/system/libsystem_notify.dylib
0x00007fff6d72e000 	/usr/lib/system/libsystem_sandbox.dylib
0x00007fff6d732000 	/usr/lib/system/libsystem_secinit.dylib
0x00007fff6d666000 	/usr/lib/system/libsystem_kernel.dylib
0x00007fff6d719000 	/usr/lib/system/libsystem_platform.dylib
0x00007fff6d723000 	/usr/lib/system/libsystem_pthread.dylib
0x00007fff6d735000 	/usr/lib/system/libsystem_symptoms.dylib
0x00007fff6d73d000 	/usr/lib/system/libsystem_trace.dylib
0x00007fff6d754000 	/usr/lib/system/libunwind.dylib
0x00007fff6d75a000 	/usr/lib/system/libxpc.dylib
0x00007fff6bd50000 	/usr/lib/libobjc.A.dylib
0x00007fff6a7b0000 	/usr/lib/libc++abi.dylib
0x00007fff6a75c000 	/usr/lib/libc++.1.dylib
0x00007fff4157c000 	/System/Library/Frameworks/CoreFoundation.framework/Versions/A/CoreFoundation
0x00007fff437ff000 	/System/Library/Frameworks/Foundation.framework/Versions/C/Foundation
0x00007fff3eb93000 	/System/Library/Frameworks/AppKit.framework/Versions/C/AppKit
0x00007fff41105000 	/System/Library/Frameworks/CoreData.framework/Versions/A/CoreData
0x00007fff63fdf000 	/System/Library/PrivateFrameworks/RemoteViewServices.framework/Versions/A/RemoteViewServices
0x00007fff68256000 	/System/Library/PrivateFrameworks/UIFoundation.framework/Versions/A/UIFoundation
0x00007fff6993a000 	/System/Library/PrivateFrameworks/XCTTargetBootstrap.framework/Versions/A/XCTTargetBootstrap
0x00007fff4148b000 	/System/Library/Frameworks/CoreDisplay.framework/Versions/A/CoreDisplay
0x00007fff5ecf4000 	/System/Library/PrivateFrameworks/IconServices.framework/Versions/A/IconServices
0x00007fff46120000 	/System/Library/Frameworks/Metal.framework/Versions/A/Metal
0x00007fff56237000 	/System/Library/PrivateFrameworks/DesktopServicesPriv.framework/Versions/A/DesktopServicesPriv
0x00007fff6b0b3000 	/usr/lib/libenergytrace.dylib
0x00007fff6673d000 	/System/Library/PrivateFrameworks/SkyLight.framework/Versions/A/SkyLight
0x00007fff419c3000 	/System/Library/Frameworks/CoreGraphics.framework/Versions/A/CoreGraphics
0x00007fff3d95f000 	/System/Library/Frameworks/Accelerate.framework/Versions/A/Accelerate
0x00007fff43f48000 	/System/Library/Frameworks/IOSurface.framework/Versions/A/IOSurface
0x00007fff560a3000 	/System/Library/PrivateFrameworks/DFRFoundation.framework/Versions/A/DFRFoundation
0x00007fff3fe7d000 	/System/Library/Frameworks/AudioToolbox.framework/Versions/A/AudioToolbox
0x00007fff400f6000 	/System/Library/Frameworks/AudioUnit.framework/Versions/A/AudioUnit
0x00007fff56138000 	/System/Library/PrivateFrameworks/DataDetectorsCore.framework/Versions/A/DataDetectorsCore
0x00007fff4080a000 	/System/Library/Frameworks/Carbon.framework/Versions/A/Frameworks/HIToolbox.framework/Versions/A/HIToolbox
0x00007fff6b20c000 	/usr/lib/libicucore.A.dylib
0x00007fff4c01f000 	/System/Library/Frameworks/QuartzCore.framework/Versions/A/QuartzCore
0x00007fff40bdf000 	/System/Library/Frameworks/Carbon.framework/Versions/A/Frameworks/SpeechRecognition.framework/Versions/A/SpeechRecognition
0x00007fff6a66d000 	/usr/lib/libauto.dylib
0x00007fff6cab3000 	/usr/lib/libxml2.2.dylib
0x00007fff55c7e000 	/System/Library/PrivateFrameworks/CoreUI.framework/Versions/A/CoreUI
0x00007fff40ff0000 	/System/Library/Frameworks/CoreAudio.framework/Versions/A/CoreAudio
0x00007fff43634000 	/System/Library/Frameworks/DiskArbitration.framework/Versions/A/DiskArbitration
0x00007fff6b4ba000 	/usr/lib/liblangid.dylib
0x00007fff60124000 	/System/Library/PrivateFrameworks/MultitouchSupport.framework/Versions/A/MultitouchSupport
0x00007fff43eb7000 	/System/Library/Frameworks/IOKit.framework/Versions/A/IOKit
0x00007fff6a0d9000 	/usr/lib/libDiagnosticMessagesClient.dylib
0x00007fff427d2000 	/System/Library/Frameworks/CoreServices.framework/Versions/A/CoreServices
0x00007fff61dde000 	/System/Library/PrivateFrameworks/PerformanceAnalysis.framework/Versions/A/PerformanceAnalysis
0x00007fff4b20d000 	/System/Library/Frameworks/OpenGL.framework/Versions/A/OpenGL
0x00007fff40d15000 	/System/Library/Frameworks/ColorSync.framework/Versions/A/ColorSync
0x00007fff42054000 	/System/Library/Frameworks/CoreImage.framework/Versions/A/CoreImage
0x00007fff431aa000 	/System/Library/Frameworks/CoreText.framework/Versions/A/CoreText
0x00007fff43fab000 	/System/Library/Frameworks/ImageIO.framework/Versions/A/ImageIO
0x00007fff522d0000 	/System/Library/PrivateFrameworks/Backup.framework/Versions/A/Backup
0x00007fff6a5c0000 	/usr/lib/libarchive.2.dylib
0x00007fff4044f000 	/System/Library/Frameworks/CFNetwork.framework/Versions/A/CFNetwork
0x00007fff4d208000 	/System/Library/Frameworks/SystemConfiguration.framework/Versions/A/SystemConfiguration
0x00007fff6a00a000 	/usr/lib/libCRFSuite.dylib
0x00007fff6a73d000 	/usr/lib/libbsm.0.dylib
0x00007fff6d54a000 	/usr/lib/system/libkxld.dylib
0x00007fff516c1000 	/System/Library/PrivateFrameworks/AppleFSCompression.framework/Versions/A/AppleFSCompression
0x00007fff6a3d9000 	/usr/lib/libOpenScriptingUtil.dylib
0x00007fff6aa65000 	/usr/lib/libcoretls.dylib
0x00007fff6aa7c000 	/usr/lib/libcoretls_cfhelpers.dylib
0x00007fff6c4e7000 	/usr/lib/libpam.2.dylib
0x00007fff6c6a7000 	/usr/lib/libsqlite3.dylib
0x00007fff6caa1000 	/usr/lib/libxar.1.dylib
0x00007fff6a74e000 	/usr/lib/libbz2.1.0.dylib
0x00007fff6b4bc000 	/usr/lib/liblzma.5.dylib
0x00007fff6b96d000 	/usr/lib/libnetwork.dylib
0x00007fff6a5a9000 	/usr/lib/libapple_nghttp2.dylib
0x00007fff6c4ee000 	/usr/lib/libpcap.A.dylib
0x00007fff42b71000 	/System/Library/Frameworks/CoreServices.framework/Versions/A/Frameworks/FSEvents.framework/Versions/A/FSEvents
0x00007fff42850000 	/System/Library/Frameworks/CoreServices.framework/Versions/A/Frameworks/CarbonCore.framework/Versions/A/CarbonCore
0x00007fff42d2c000 	/System/Library/Frameworks/CoreServices.framework/Versions/A/Frameworks/Metadata.framework/Versions/A/Metadata
0x00007fff42dcb000 	/System/Library/Frameworks/CoreServices.framework/Versions/A/Frameworks/OSServices.framework/Versions/A/OSServices
0x00007fff42e16000 	/System/Library/Frameworks/CoreServices.framework/Versions/A/Frameworks/SearchKit.framework/Versions/A/SearchKit
0x00007fff427d3000 	/System/Library/Frameworks/CoreServices.framework/Versions/A/Frameworks/AE.framework/Versions/A/AE
0x00007fff42b7a000 	/System/Library/Frameworks/CoreServices.framework/Versions/A/Frameworks/LaunchServices.framework/Versions/A/LaunchServices
0x00007fff42b28000 	/System/Library/Frameworks/CoreServices.framework/Versions/A/Frameworks/DictionaryServices.framework/Versions/A/DictionaryServices
0x00007fff42e7e000 	/System/Library/Frameworks/CoreServices.framework/Versions/A/Frameworks/SharedFileList.framework/Versions/A/SharedFileList
0x00007fff471e8000 	/System/Library/Frameworks/NetFS.framework/Versions/A/NetFS
0x00007fff6038a000 	/System/Library/PrivateFrameworks/NetAuth.framework/Versions/A/NetAuth
0x00007fff69d3e000 	/System/Library/PrivateFrameworks/login.framework/Versions/A/Frameworks/loginsupport.framework/Versions/A/loginsupport
0x00007fff67e5f000 	/System/Library/PrivateFrameworks/TCC.framework/Versions/A/TCC
0x00007fff552db000 	/System/Library/PrivateFrameworks/CoreNLP.framework/Versions/A/CoreNLP
0x00007fff5fdfa000 	/System/Library/PrivateFrameworks/MetadataUtilities.framework/Versions/A/MetadataUtilities
0x00007fff6b591000 	/usr/lib/libmecabra.dylib
0x00007fff3f99b000 	/System/Library/Frameworks/ApplicationServices.framework/Versions/A/Frameworks/ATS.framework/Versions/A/ATS
0x00007fff3fcea000 	/System/Library/Frameworks/ApplicationServices.framework/Versions/A/Frameworks/ColorSyncLegacy.framework/Versions/A/ColorSyncLegacy
0x00007fff3fd89000 	/System/Library/Frameworks/ApplicationServices.framework/Versions/A/Frameworks/HIServices.framework/Versions/A/HIServices
0x00007fff3fddc000 	/System/Library/Frameworks/ApplicationServices.framework/Versions/A/Frameworks/LangAnalysis.framework/Versions/A/LangAnalysis
0x00007fff3fdec000 	/System/Library/Frameworks/ApplicationServices.framework/Versions/A/Frameworks/PrintCore.framework/Versions/A/PrintCore
0x00007fff3fe36000 	/System/Library/Frameworks/ApplicationServices.framework/Versions/A/Frameworks/QD.framework/Versions/A/QD
0x00007fff3fe70000 	/System/Library/Frameworks/ApplicationServices.framework/Versions/A/Frameworks/SpeechSynthesis.framework/Versions/A/SpeechSynthesis
0x00007fff6a7d8000 	/usr/lib/libcompression.dylib
0x00007fff463f0000 	/System/Library/Frameworks/MetalPerformanceShaders.framework/Versions/A/MetalPerformanceShaders
0x00007fff3d977000 	/System/Library/Frameworks/Accelerate.framework/Versions/A/Frameworks/vImage.framework/Versions/A/vImage
0x00007fff3e9f1000 	/System/Library/Frameworks/Accelerate.framework/Versions/A/Frameworks/vecLib.framework/Versions/A/vecLib
0x00007fff3e93d000 	/System/Library/Frameworks/Accelerate.framework/Versions/A/Frameworks/vecLib.framework/Versions/A/libvMisc.dylib
0x00007fff3e755000 	/System/Library/Frameworks/Accelerate.framework/Versions/A/Frameworks/vecLib.framework/Versions/A/libvDSP.dylib
0x00007fff3e011000 	/System/Library/Frameworks/Accelerate.framework/Versions/A/Frameworks/vecLib.framework/Versions/A/libBLAS.dylib
0x00007fff3e2fe000 	/System/Library/Frameworks/Accelerate.framework/Versions/A/Frameworks/vecLib.framework/Versions/A/libLAPACK.dylib
0x00007fff3e6a8000 	/System/Library/Frameworks/Accelerate.framework/Versions/A/Frameworks/vecLib.framework/Versions/A/libLinearAlgebra.dylib
0x00007fff3e741000 	/System/Library/Frameworks/Accelerate.framework/Versions/A/Frameworks/vecLib.framework/Versions/A/libSparseBLAS.dylib
0x00007fff3e6be000 	/System/Library/Frameworks/Accelerate.framework/Versions/A/Frameworks/vecLib.framework/Versions/A/libQuadrature.dylib
0x00007fff3e28b000 	/System/Library/Frameworks/Accelerate.framework/Versions/A/Frameworks/vecLib.framework/Versions/A/libBNNS.dylib
0x00007fff3e6c4000 	/System/Library/Frameworks/Accelerate.framework/Versions/A/Frameworks/vecLib.framework/Versions/A/libSparse.dylib
0x00007fff5c629000 	/System/Library/PrivateFrameworks/GPUWrangler.framework/Versions/A/GPUWrangler
0x00007fff5e929000 	/System/Library/PrivateFrameworks/IOAccelerator.framework/Versions/A/IOAccelerator
0x00007fff5e934000 	/System/Library/PrivateFrameworks/IOPresentment.framework/Versions/A/IOPresentment
0x00007fff560b3000 	/System/Library/PrivateFrameworks/DSExternalDisplay.framework/Versions/A/DSExternalDisplay
0x00007fff4a664000 	/System/Library/Frameworks/OpenGL.framework/Versions/A/Libraries/libCoreFSCache.dylib
0x00007fff461e4000 	/System/Library/Frameworks/MetalPerformanceShaders.framework/Frameworks/MPSCore.framework/Versions/A/MPSCore
0x00007fff46204000 	/System/Library/Frameworks/MetalPerformanceShaders.framework/Frameworks/MPSImage.framework/Versions/A/MPSImage
0x00007fff462a9000 	/System/Library/Frameworks/MetalPerformanceShaders.framework/Frameworks/MPSNeuralNetwork.framework/Versions/A/MPSNeuralNetwork
0x00007fff46281000 	/System/Library/Frameworks/MetalPerformanceShaders.framework/Frameworks/MPSMatrix.framework/Versions/A/MPSMatrix
0x00007fff463d5000 	/System/Library/Frameworks/MetalPerformanceShaders.framework/Frameworks/MPSRayIntersector.framework/Versions/A/MPSRayIntersector
0x00007fff5fe23000 	/System/Library/PrivateFrameworks/MetalTools.framework/Versions/A/MetalTools
0x00007fff50f6b000 	/System/Library/PrivateFrameworks/AggregateDictionary.framework/Versions/A/AggregateDictionary
0x00007fff6a3b9000 	/usr/lib/libMobileGestalt.dylib
0x00007fff4330d000 	/System/Library/Frameworks/CoreVideo.framework/Versions/A/CoreVideo
0x00007fff5d43a000 	/System/Library/PrivateFrameworks/GraphVisualizer.framework/Versions/A/GraphVisualizer
0x00007fff572b9000 	/System/Library/PrivateFrameworks/FaceCore.framework/Versions/A/FaceCore
0x00007fff49c92000 	/System/Library/Frameworks/OpenCL.framework/Versions/A/OpenCL
0x00007fff6a111000 	/usr/lib/libFosl_dynamic.dylib
0x00007fff60bf5000 	/System/Library/PrivateFrameworks/OTSVG.framework/Versions/A/OTSVG
0x00007fff3fa9f000 	/System/Library/Frameworks/ApplicationServices.framework/Versions/A/Frameworks/ATS.framework/Versions/A/Resources/libFontParser.dylib
0x00007fff3fbb7000 	/System/Library/Frameworks/ApplicationServices.framework/Versions/A/Frameworks/ATS.framework/Versions/A/Resources/libFontRegistry.dylib
0x00007fff44219000 	/System/Library/Frameworks/ImageIO.framework/Versions/A/Resources/libJPEG.dylib
0x00007fff4452b000 	/System/Library/Frameworks/ImageIO.framework/Versions/A/Resources/libTIFF.dylib
0x00007fff44501000 	/System/Library/Frameworks/ImageIO.framework/Versions/A/Resources/libPng.dylib
0x00007fff44137000 	/System/Library/Frameworks/ImageIO.framework/Versions/A/Resources/libGIF.dylib
0x00007fff4413c000 	/System/Library/Frameworks/ImageIO.framework/Versions/A/Resources/libJP2.dylib
0x00007fff44528000 	/System/Library/Frameworks/ImageIO.framework/Versions/A/Resources/libRadiance.dylib
0x00007fff51818000 	/System/Library/PrivateFrameworks/AppleJPEG.framework/Versions/A/AppleJPEG
0x00007fff4a66f000 	/System/Library/Frameworks/OpenGL.framework/Versions/A/Libraries/libGFXShared.dylib
0x00007fff4a832000 	/System/Library/Frameworks/OpenGL.framework/Versions/A/Libraries/libGLU.dylib
0x00007fff4a678000 	/System/Library/Frameworks/OpenGL.framework/Versions/A/Libraries/libGL.dylib
0x00007fff4a684000 	/System/Library/Frameworks/OpenGL.framework/Versions/A/Libraries/libGLImage.dylib
0x00007fff4a661000 	/System/Library/Frameworks/OpenGL.framework/Versions/A/Libraries/libCVMSPluginSupport.dylib
0x00007fff4a66a000 	/System/Library/Frameworks/OpenGL.framework/Versions/A/Libraries/libCoreVMClient.dylib
0x00007fff6af29000 	/usr/lib/libcups.2.dylib
0x00007fff456eb000 	/System/Library/Frameworks/Kerberos.framework/Versions/A/Kerberos
0x00007fff43c1b000 	/System/Library/Frameworks/GSS.framework/Versions/A/GSS
0x00007fff6c63c000 	/usr/lib/libresolv.9.dylib
0x00007fff6b11b000 	/usr/lib/libiconv.2.dylib
0x00007fff5d5af000 	/System/Library/PrivateFrameworks/Heimdal.framework/Versions/A/Heimdal
0x00007fff6b0eb000 	/usr/lib/libheimdal-asn1.dylib
0x00007fff49d06000 	/System/Library/Frameworks/OpenDirectory.framework/Versions/A/OpenDirectory
0x00007fff5403e000 	/System/Library/PrivateFrameworks/CommonAuth.framework/Versions/A/CommonAuth
0x00007fff49cea000 	/System/Library/Frameworks/OpenDirectory.framework/Versions/A/Frameworks/CFOpenDirectory.framework/Versions/A/CFOpenDirectory
0x00007fff4cdad000 	/System/Library/Frameworks/SecurityFoundation.framework/Versions/A/SecurityFoundation
0x00007fff504b1000 	/System/Library/PrivateFrameworks/APFS.framework/Versions/A/APFS
0x00007fff6ca9d000 	/usr/lib/libutil.dylib
0x00007fff6a7c6000 	/usr/lib/libcharset.1.dylib
0x00007fff51ab5000 	/System/Library/PrivateFrameworks/AppleSauce.framework/Versions/A/AppleSauce
0x00007fff51c36000 	/System/Library/PrivateFrameworks/AssertionServices.framework/Versions/A/AssertionServices
0x00007fff52366000 	/System/Library/PrivateFrameworks/BaseBoard.framework/Versions/A/BaseBoard
0x00007fff6b4ec000 	/usr/lib/libmecab.1.0.0.dylib
0x00007fff6b0e5000 	/usr/lib/libgermantok.dylib
0x00007fff6a596000 	/usr/lib/libThaiTokenizer.dylib
0x00007fff6a041000 	/usr/lib/libChineseTokenizer.dylib
0x00007fff5efe1000 	/System/Library/PrivateFrameworks/LanguageModeling.framework/Versions/A/LanguageModeling
0x00007fff54d20000 	/System/Library/PrivateFrameworks/CoreEmoji.framework/Versions/A/CoreEmoji
0x00007fff5f0bd000 	/System/Library/PrivateFrameworks/Lexicon.framework/Versions/A/Lexicon
0x00007fff5f100000 	/System/Library/PrivateFrameworks/LinguisticData.framework/Versions/A/LinguisticData
0x00007fff6a7c7000 	/usr/lib/libcmph.dylib
0x00007fff4ce6b000 	/System/Library/Frameworks/ServiceManagement.framework/Versions/A/ServiceManagement
0x00007fff522c7000 	/System/Library/PrivateFrameworks/BackgroundTaskManagement.framework/Versions/A/BackgroundTaskManagement
0x00007fff6cb96000 	/usr/lib/libxslt.1.dylib
0x00007fff40b0c000 	/System/Library/Frameworks/Carbon.framework/Versions/A/Frameworks/Ink.framework/Versions/A/Ink
0x00007fff680d1000 	/System/Library/PrivateFrameworks/TextureIO.framework/Versions/A/TextureIO
0x00007fff6a5ea000 	/usr/lib/libate.dylib
0x00007fff56002000 	/System/Library/PrivateFrameworks/CrashReporterSupport.framework/Versions/A/CrashReporterSupport
0x00007fff6580b000 	/System/Library/PrivateFrameworks/Sharing.framework/Versions/A/Sharing
0x00007fff52019000 	/System/Library/PrivateFrameworks/AuthKit.framework/Versions/A/AuthKit
0x00007fff5156d000 	/System/Library/PrivateFrameworks/Apple80211.framework/Versions/A/Apple80211
0x00007fff55daa000 	/System/Library/PrivateFrameworks/CoreUtils.framework/Versions/A/CoreUtils
0x00007fff4334e000 	/System/Library/Frameworks/CoreWLAN.framework/Versions/A/CoreWLAN
0x00007fff43d4a000 	/System/Library/Frameworks/IOBluetooth.framework/Versions/A/IOBluetooth
0x00007fff63c7f000 	/System/Library/PrivateFrameworks/ProtocolBuffer.framework/Versions/A/ProtocolBuffer
0x00007fff60080000 	/System/Library/PrivateFrameworks/MobileKeyBag.framework/Versions/A/MobileKeyBag
0x00007fff555ee000 	/System/Library/PrivateFrameworks/CorePhoneNumbers.framework/Versions/A/CorePhoneNumbers
0x00007fff517cc000 	/System/Library/PrivateFrameworks/AppleIDAuthSupport.framework/Versions/A/AppleIDAuthSupport
0x00007fff5efb4000 	/System/Library/PrivateFrameworks/KeychainCircle.framework/Versions/A/KeychainCircle
0x00007fff63e35000 	/System/Library/PrivateFrameworks/ROCKit.framework/Versions/A/ROCKit
0x00007fff55f9e000 	/System/Library/PrivateFrameworks/CoreWiFi.framework/Versions/A/CoreWiFi
0x00007fff410da000 	/System/Library/Frameworks/CoreBluetooth.framework/Versions/A/CoreBluetooth
0x00007fff561f9000 	/System/Library/PrivateFrameworks/DebugSymbols.framework/Versions/A/DebugSymbols
0x00007fff55b6a000 	/System/Library/PrivateFrameworks/CoreSymbolication.framework/Versions/A/CoreSymbolication
0x00007fff678ec000 	/System/Library/PrivateFrameworks/Symbolication.framework/Versions/A/Symbolication
0x00007fff6718f000 	/System/Library/PrivateFrameworks/SpeechRecognitionCore.framework/Versions/A/SpeechRecognitionCore
0x00007fff35c5c000 	/System/Library/CoreServices/Encodings/libJapaneseConverter.dylib
0x0000000104200000 	/Library/Java/JavaVirtualMachines/openjdk-14.jdk/Contents/Home/lib/server/libjvm.dylib
0x00000001029dc000 	/Library/Java/JavaVirtualMachines/openjdk-14.jdk/Contents/Home/lib/libjimage.dylib
0x0000000104fa1000 	/Library/Java/JavaVirtualMachines/openjdk-14.jdk/Contents/Home/lib/libjava.dylib
0x00000001029f1000 	/Library/Java/JavaVirtualMachines/openjdk-14.jdk/Contents/Home/lib/libzip.dylib
0x0000000111a5f000 	/Users/hal/workspace/git_workspace/mcl/lib/libmcljava.dylib
0x0000000111b83000 	/usr/local/opt/gmp/lib/libgmp.10.dylib
0x0000000111bea000 	/usr/local/opt/gmp/lib/libgmpxx.4.dylib
0x0000000111bf2000 	/Library/Java/JavaVirtualMachines/openjdk-14.jdk/Contents/Home/lib/libnio.dylib
0x0000000111c05000 	/Library/Java/JavaVirtualMachines/openjdk-14.jdk/Contents/Home/lib/./libnet.dylib


VM Arguments:
java_command: ou.ist.de.protocol.routing.isdsr.TestISDSR
java_class_path (initial): ./bin:./mcl.jar
Launcher Type: SUN_STANDARD

[Global flags]
     intx CICompilerCount                          = 4                                         {product} {ergonomic}
     uint ConcGCThreads                            = 3                                         {product} {ergonomic}
     uint G1ConcRefinementThreads                  = 10                                        {product} {ergonomic}
   size_t G1HeapRegionSize                         = 4194304                                   {product} {ergonomic}
    uintx GCDrainStackTargetSize                   = 64                                        {product} {ergonomic}
   size_t InitialHeapSize                          = 1073741824                                {product} {ergonomic}
   size_t MarkStackSize                            = 4194304                                   {product} {ergonomic}
   size_t MaxHeapSize                              = 17179869184                               {product} {ergonomic}
   size_t MaxNewSize                               = 10305404928                               {product} {ergonomic}
   size_t MinHeapDeltaBytes                        = 4194304                                   {product} {ergonomic}
   size_t MinHeapSize                              = 8388608                                   {product} {ergonomic}
    uintx NonNMethodCodeHeapSize                   = 5839372                                {pd product} {ergonomic}
    uintx NonProfiledCodeHeapSize                  = 122909434                              {pd product} {ergonomic}
    uintx ProfiledCodeHeapSize                     = 122909434                              {pd product} {ergonomic}
    uintx ReservedCodeCacheSize                    = 251658240                              {pd product} {ergonomic}
     bool SegmentedCodeCache                       = true                                      {product} {ergonomic}
   size_t SoftMaxHeapSize                          = 17179869184                            {manageable} {ergonomic}
     bool UseCompressedClassPointers               = true                                 {lp64_product} {ergonomic}
     bool UseCompressedOops                        = true                                 {lp64_product} {ergonomic}
     bool UseG1GC                                  = true                                      {product} {ergonomic}

Logging:
Log output configuration:
 #0: stdout all=warning uptime,level,tags
 #1: stderr all=off uptime,level,tags

Environment Variables:
JAVA_HOME=/Library/Java/JavaVirtualMachines/openjdk-14.jdk/Contents/Home
PATH=/Library/Java/JavaVirtualMachines/openjdk-14.jdk/Contents/Home/bin:/Users/hal/.nvm/versions/node/v12.16.1/bin:/Users/hal/.pyenv/shims:/Users/hal/.pyenv/bin:/usr/local/bin:/usr/bin:/bin:/usr/sbin:/sbin:/Library/TeX/texbin:/Users/hal/bin
SHELL=/bin/bash

Signal Handlers:
SIGSEGV: [libjvm.dylib+0x740a20], sa_mask[0]=11111111011111110111111111111111, sa_flags=SA_ONSTACK|SA_RESTART|SA_SIGINFO
SIGBUS: [libjvm.dylib+0x740a20], sa_mask[0]=11111111011111110111111111111111, sa_flags=SA_RESTART|SA_SIGINFO
SIGFPE: [libjvm.dylib+0x740a20], sa_mask[0]=11111111011111110111111111111111, sa_flags=SA_RESTART|SA_SIGINFO
SIGPIPE: [libjvm.dylib+0x5ea84f], sa_mask[0]=11111111011111110111111111111111, sa_flags=SA_RESTART|SA_SIGINFO
SIGXFSZ: [libjvm.dylib+0x5ea84f], sa_mask[0]=11111111011111110111111111111111, sa_flags=SA_RESTART|SA_SIGINFO
SIGILL: [libjvm.dylib+0x740a20], sa_mask[0]=11111111011111110111111111111111, sa_flags=SA_RESTART|SA_SIGINFO
SIGUSR2: [libjvm.dylib+0x5eae21], sa_mask[0]=00000000000000000000000000000000, sa_flags=SA_RESTART|SA_SIGINFO
SIGHUP: [libjvm.dylib+0x5e9e83], sa_mask[0]=11111111011111110111111111111111, sa_flags=SA_RESTART|SA_SIGINFO
SIGINT: [libjvm.dylib+0x5e9e83], sa_mask[0]=11111111011111110111111111111111, sa_flags=SA_RESTART|SA_SIGINFO
SIGTERM: [libjvm.dylib+0x5e9e83], sa_mask[0]=11111111011111110111111111111111, sa_flags=SA_RESTART|SA_SIGINFO
SIGQUIT: [libjvm.dylib+0x5e9e83], sa_mask[0]=11111111011111110111111111111111, sa_flags=SA_RESTART|SA_SIGINFO


---------------  S Y S T E M  ---------------

OS:uname:Darwin 18.7.0 Darwin Kernel Version 18.7.0: Tue Aug 20 16:57:14 PDT 2019; root:xnu-4903.271.2~2/RELEASE_X86_64 x86_64
OS uptime: 3 days 0:18 hours
rlimit: STACK 8192k, CORE 0k, NPROC 5674, NOFILE 10240, AS infinity, DATA infinity, FSIZE infinity
load average:1.76 1.93 2.01

CPU:total 12 (initial active 12) (6 cores per cpu, 2 threads per core) family 6 model 158 stepping 10, cmov, cx8, fxsr, mmx, sse, sse2, sse3, ssse3, sse4.1, sse4.2, popcnt, avx, avx2, aes, clmul, erms, rtm, 3dnowpref, lzcnt, ht, tsc, tscinvbit, bmi1, bmi2, adx, fma

Memory: 4k page, physical 67108864k(2849356k free), swap 0k(0k free)

vm_info: OpenJDK 64-Bit Server VM (14+36-1461) for bsd-amd64 JRE (14+36-1461), built on Feb  6 2020 19:03:05 by "mach5one" with clang 4.2.1 Compatible Apple LLVM 10.0.0 (clang-1000.11.45.5)

END.
